[0m[1mdata.oci_log_analytics_namespaces.logging_analytics_namespaces[0]: Reading...[0m[0m
[0m[1mmodule.audit_log_service_connector.data.oci_objectstorage_namespace.ns: Reading...[0m[0m
[0m[1mdata.oci_identity_region_subscriptions.regions: Reading...[0m[0m
[0m[1mdata.oci_core_services.all_oci_services: Reading...[0m[0m
[0m[1mmodule.service_events_service_connector.data.oci_objectstorage_namespace.ns: Reading...[0m[0m
[0m[1mmodule.audit_log_service_connector.data.oci_objectstorage_namespace.ns: Read complete after 1s [id=ObjectStorageNamespaceDataSource-3718988095][0m
[0m[1mmodule.service_events_service_connector.data.oci_objectstorage_namespace.ns: Read complete after 1s [id=ObjectStorageNamespaceDataSource-3718988095][0m
[0m[1mdata.oci_core_services.all_oci_services: Read complete after 1s [id=CoreServicesDataSource-0][0m
[0m[1mdata.oci_log_analytics_namespaces.logging_analytics_namespaces[0]: Read complete after 1s [id=LogAnalyticsNamespacesDataSource-3718988095][0m
[0m[1mdata.oci_identity_region_subscriptions.regions: Read complete after 1s [id=IdentityRegionSubscriptionsDataSource-3718988095][0m
[0m[1mmodule.home_compartment[0].oci_identity_compartment.compartment: Refreshing state... [id=ocid1.compartment.oc1..aaaaaaaalvdomwjf3sd25onej2m76fsc7n3wxfup355tkp6itnj3n7vzrsdq][0m
[0m[1mmodule.vdms_compartment[0].oci_identity_compartment.compartment: Refreshing state... [id=ocid1.compartment.oc1..aaaaaaaalxny5mdw65j2aa72qjqazutdkjj5filrboqdcaoknad6ceq5q4eq][0m
[0m[1mmodule.vdss_compartment[0].oci_identity_compartment.compartment: Refreshing state... [id=ocid1.compartment.oc1..aaaaaaaao7h2a342wmfsvhwppegjkoceohpx5tahb63f6hrhpsqkvffzjq6q][0m

Terraform used the selected providers to generate the following execution
plan. Resource actions are indicated with the following symbols:
  [31m-[0m destroy[0m

Terraform will perform the following actions:

[1m  # module.home_compartment[0].oci_identity_compartment.compartment[0m will be [1m[31mdestroyed[0m
[0m  [31m-[0m[0m resource "oci_identity_compartment" "compartment" {
      [31m-[0m[0m compartment_id = "ocid1.tenancy.oc1..aaaaaaaamr5cziqjkuck3bsp2c3ktcx7imbszmwvvhvd454s6phpc5yl5xga" [90m-> null[0m[0m
      [31m-[0m[0m defined_tags   = {
          [31m-[0m[0m "Oracle-Tags.CreatedBy" = "default/ericmalcolmpollard@gmail.com"
          [31m-[0m[0m "Oracle-Tags.CreatedOn" = "2026-06-24T16:30:02.086Z"
        } [90m-> null[0m[0m
      [31m-[0m[0m description    = "Landing Zone Home" [90m-> null[0m[0m
      [31m-[0m[0m enable_delete  = true [90m-> null[0m[0m
      [31m-[0m[0m freeform_tags  = {} [90m-> null[0m[0m
      [31m-[0m[0m id             = "ocid1.compartment.oc1..aaaaaaaalvdomwjf3sd25onej2m76fsc7n3wxfup355tkp6itnj3n7vzrsdq" [90m-> null[0m[0m
      [31m-[0m[0m is_accessible  = true [90m-> null[0m[0m
      [31m-[0m[0m name           = "VA-Home-IAD-dev3" [90m-> null[0m[0m
      [31m-[0m[0m state          = "ACTIVE" [90m-> null[0m[0m
      [31m-[0m[0m time_created   = "2026-06-24 16:30:02.123 +0000 UTC" [90m-> null[0m[0m
    }

[1m  # module.vdms_compartment[0].oci_identity_compartment.compartment[0m will be [1m[31mdestroyed[0m
[0m  [31m-[0m[0m resource "oci_identity_compartment" "compartment" {
      [31m-[0m[0m compartment_id = "ocid1.compartment.oc1..aaaaaaaalvdomwjf3sd25onej2m76fsc7n3wxfup355tkp6itnj3n7vzrsdq" [90m-> null[0m[0m
      [31m-[0m[0m defined_tags   = {
          [31m-[0m[0m "Oracle-Tags.CreatedBy" = "default/ericmalcolmpollard@gmail.com"
          [31m-[0m[0m "Oracle-Tags.CreatedOn" = "2026-06-24T16:30:24.037Z"
        } [90m-> null[0m[0m
      [31m-[0m[0m description    = "Virtual Datacenter Management Stack" [90m-> null[0m[0m
      [31m-[0m[0m enable_delete  = true [90m-> null[0m[0m
      [31m-[0m[0m freeform_tags  = {} [90m-> null[0m[0m
      [31m-[0m[0m id             = "ocid1.compartment.oc1..aaaaaaaalxny5mdw65j2aa72qjqazutdkjj5filrboqdcaoknad6ceq5q4eq" [90m-> null[0m[0m
      [31m-[0m[0m is_accessible  = true [90m-> null[0m[0m
      [31m-[0m[0m name           = "VA-VDMS-IAD-dev3" [90m-> null[0m[0m
      [31m-[0m[0m state          = "ACTIVE" [90m-> null[0m[0m
      [31m-[0m[0m time_created   = "2026-06-24 16:30:24.053 +0000 UTC" [90m-> null[0m[0m
    }

[1m  # module.vdss_compartment[0].oci_identity_compartment.compartment[0m will be [1m[31mdestroyed[0m
[0m  [31m-[0m[0m resource "oci_identity_compartment" "compartment" {
      [31m-[0m[0m compartment_id = "ocid1.compartment.oc1..aaaaaaaalvdomwjf3sd25onej2m76fsc7n3wxfup355tkp6itnj3n7vzrsdq" [90m-> null[0m[0m
      [31m-[0m[0m defined_tags   = {
          [31m-[0m[0m "Oracle-Tags.CreatedBy" = "default/ericmalcolmpollard@gmail.com"
          [31m-[0m[0m "Oracle-Tags.CreatedOn" = "2026-06-24T16:30:21.040Z"
        } [90m-> null[0m[0m
      [31m-[0m[0m description    = "Virtual Datacenter Security Stack" [90m-> null[0m[0m
      [31m-[0m[0m enable_delete  = true [90m-> null[0m[0m
      [31m-[0m[0m freeform_tags  = {} [90m-> null[0m[0m
      [31m-[0m[0m id             = "ocid1.compartment.oc1..aaaaaaaao7h2a342wmfsvhwppegjkoceohpx5tahb63f6hrhpsqkvffzjq6q" [90m-> null[0m[0m
      [31m-[0m[0m is_accessible  = true [90m-> null[0m[0m
      [31m-[0m[0m name           = "VA-VDSS-IAD-dev3" [90m-> null[0m[0m
      [31m-[0m[0m state          = "ACTIVE" [90m-> null[0m[0m
      [31m-[0m[0m time_created   = "2026-06-24 16:30:21.758 +0000 UTC" [90m-> null[0m[0m
    }

[1mPlan:[0m [0m0 to add, 0 to change, 3 to destroy.

Changes to Outputs:
  [31m-[0m[0m home_compartment_id   = "ocid1.compartment.oc1..aaaaaaaalvdomwjf3sd25onej2m76fsc7n3wxfup355tkp6itnj3n7vzrsdq" [90m-> null[0m[0m
  [31m-[0m[0m identity_domain_name  = "OCI-SCCA-LZ-Domain-IAD-dev3" [90m-> null[0m[0m
  [31m-[0m[0m policy_to_add         = <<-EOT
        The remote buckets should be created in the same region as SCCA LZ created.
          Please also add below policy to the root level of the remote tenancy:
          define tenancy SCCA-LZ-Tenancy as ,
          admit any-user of tenancy SCCA-LZ-Tenancy to manage object-family in tenancy
    EOT [90m-> null[0m[0m
  [31m-[0m[0m vdms_compartment_name = "VA-VDMS-IAD-dev3" [90m-> null[0m[0m
[0m[1mmodule.vdms_compartment[0].oci_identity_compartment.compartment: Destroying... [id=ocid1.compartment.oc1..aaaaaaaalxny5mdw65j2aa72qjqazutdkjj5filrboqdcaoknad6ceq5q4eq][0m[0m
[0m[1mmodule.vdss_compartment[0].oci_identity_compartment.compartment: Destroying... [id=ocid1.compartment.oc1..aaaaaaaao7h2a342wmfsvhwppegjkoceohpx5tahb63f6hrhpsqkvffzjq6q][0m[0m
[0m[1mmodule.vdms_compartment[0].oci_identity_compartment.compartment: Still destroying... [id=ocid1.compartment.oc1..aaaaaaaalxny5mdw...72qjqazutdkjj5filrboqdcaoknad6ceq5q4eq, 00m10s elapsed][0m[0m
[0m[1mmodule.vdss_compartment[0].oci_identity_compartment.compartment: Still destroying... [id=ocid1.compartment.oc1..aaaaaaaao7h2a342...wppegjkoceohpx5tahb63f6hrhpsqkvffzjq6q, 00m10s elapsed][0m[0m
[0m[1mmodule.vdms_compartment[0].oci_identity_compartment.compartment: Still destroying... [id=ocid1.compartment.oc1..aaaaaaaalxny5mdw...72qjqazutdkjj5filrboqdcaoknad6ceq5q4eq, 00m20s elapsed][0m[0m
[0m[1mmodule.vdss_compartment[0].oci_identity_compartment.compartment: Still destroying... [id=ocid1.compartment.oc1..aaaaaaaao7h2a342...wppegjkoceohpx5tahb63f6hrhpsqkvffzjq6q, 00m20s elapsed][0m[0m
[0m[1mmodule.vdms_compartment[0].oci_identity_compartment.compartment: Still destroying... [id=ocid1.compartment.oc1..aaaaaaaalxny5mdw...72qjqazutdkjj5filrboqdcaoknad6ceq5q4eq, 00m30s elapsed][0m[0m
[0m[1mmodule.vdss_compartment[0].oci_identity_compartment.compartment: Still destroying... [id=ocid1.compartment.oc1..aaaaaaaao7h2a342...wppegjkoceohpx5tahb63f6hrhpsqkvffzjq6q, 00m30s elapsed][0m[0m
[0m[1mmodule.vdms_compartment[0].oci_identity_compartment.compartment: Still destroying... [id=ocid1.compartment.oc1..aaaaaaaalxny5mdw...72qjqazutdkjj5filrboqdcaoknad6ceq5q4eq, 00m40s elapsed][0m[0m
[0m[1mmodule.vdss_compartment[0].oci_identity_compartment.compartment: Still destroying... [id=ocid1.compartment.oc1..aaaaaaaao7h2a342...wppegjkoceohpx5tahb63f6hrhpsqkvffzjq6q, 00m40s elapsed][0m[0m
[0m[1mmodule.vdms_compartment[0].oci_identity_compartment.compartment: Still destroying... [id=ocid1.compartment.oc1..aaaaaaaalxny5mdw...72qjqazutdkjj5filrboqdcaoknad6ceq5q4eq, 00m50s elapsed][0m[0m
[0m[1mmodule.vdss_compartment[0].oci_identity_compartment.compartment: Still destroying... [id=ocid1.compartment.oc1..aaaaaaaao7h2a342...wppegjkoceohpx5tahb63f6hrhpsqkvffzjq6q, 00m50s elapsed][0m[0m
[0m[1mmodule.vdss_compartment[0].oci_identity_compartment.compartment: Still destroying... [id=ocid1.compartment.oc1..aaaaaaaao7h2a342...wppegjkoceohpx5tahb63f6hrhpsqkvffzjq6q, 01m00s elapsed][0m[0m
[0m[1mmodule.vdms_compartment[0].oci_identity_compartment.compartment: Still destroying... [id=ocid1.compartment.oc1..aaaaaaaalxny5mdw...72qjqazutdkjj5filrboqdcaoknad6ceq5q4eq, 01m00s elapsed][0m[0m
[0m[1mmodule.vdss_compartment[0].oci_identity_compartment.compartment: Still destroying... [id=ocid1.compartment.oc1..aaaaaaaao7h2a342...wppegjkoceohpx5tahb63f6hrhpsqkvffzjq6q, 01m10s elapsed][0m[0m
[0m[1mmodule.vdms_compartment[0].oci_identity_compartment.compartment: Still destroying... [id=ocid1.compartment.oc1..aaaaaaaalxny5mdw...72qjqazutdkjj5filrboqdcaoknad6ceq5q4eq, 01m10s elapsed][0m[0m
[0m[1mmodule.vdms_compartment[0].oci_identity_compartment.compartment: Still destroying... [id=ocid1.compartment.oc1..aaaaaaaalxny5mdw...72qjqazutdkjj5filrboqdcaoknad6ceq5q4eq, 01m20s elapsed][0m[0m
[0m[1mmodule.vdss_compartment[0].oci_identity_compartment.compartment: Still destroying... [id=ocid1.compartment.oc1..aaaaaaaao7h2a342...wppegjkoceohpx5tahb63f6hrhpsqkvffzjq6q, 01m20s elapsed][0m[0m
[0m[1mmodule.vdss_compartment[0].oci_identity_compartment.compartment: Still destroying... [id=ocid1.compartment.oc1..aaaaaaaao7h2a342...wppegjkoceohpx5tahb63f6hrhpsqkvffzjq6q, 01m30s elapsed][0m[0m
[0m[1mmodule.vdms_compartment[0].oci_identity_compartment.compartment: Still destroying... [id=ocid1.compartment.oc1..aaaaaaaalxny5mdw...72qjqazutdkjj5filrboqdcaoknad6ceq5q4eq, 01m30s elapsed][0m[0m
[0m[1mmodule.vdss_compartment[0].oci_identity_compartment.compartment: Still destroying... [id=ocid1.compartment.oc1..aaaaaaaao7h2a342...wppegjkoceohpx5tahb63f6hrhpsqkvffzjq6q, 01m40s elapsed][0m[0m
[0m[1mmodule.vdms_compartment[0].oci_identity_compartment.compartment: Still destroying... [id=ocid1.compartment.oc1..aaaaaaaalxny5mdw...72qjqazutdkjj5filrboqdcaoknad6ceq5q4eq, 01m40s elapsed][0m[0m
[0m[1mmodule.vdss_compartment[0].oci_identity_compartment.compartment: Still destroying... [id=ocid1.compartment.oc1..aaaaaaaao7h2a342...wppegjkoceohpx5tahb63f6hrhpsqkvffzjq6q, 01m50s elapsed][0m[0m
[0m[1mmodule.vdms_compartment[0].oci_identity_compartment.compartment: Still destroying... [id=ocid1.compartment.oc1..aaaaaaaalxny5mdw...72qjqazutdkjj5filrboqdcaoknad6ceq5q4eq, 01m50s elapsed][0m[0m
[0m[1mmodule.vdss_compartment[0].oci_identity_compartment.compartment: Still destroying... [id=ocid1.compartment.oc1..aaaaaaaao7h2a342...wppegjkoceohpx5tahb63f6hrhpsqkvffzjq6q, 02m00s elapsed][0m[0m
[0m[1mmodule.vdss_compartment[0].oci_identity_compartment.compartment: Still destroying... [id=ocid1.compartment.oc1..aaaaaaaao7h2a342...wppegjkoceohpx5tahb63f6hrhpsqkvffzjq6q, 02m10s elapsed][0m[0m
[0m[1mmodule.vdss_compartment[0].oci_identity_compartment.compartment: Still destroying... [id=ocid1.compartment.oc1..aaaaaaaao7h2a342...wppegjkoceohpx5tahb63f6hrhpsqkvffzjq6q, 02m20s elapsed][0m[0m
[0m[1mmodule.vdss_compartment[0].oci_identity_compartment.compartment: Still destroying... [id=ocid1.compartment.oc1..aaaaaaaao7h2a342...wppegjkoceohpx5tahb63f6hrhpsqkvffzjq6q, 02m30s elapsed][0m[0m
[0m[1mmodule.vdss_compartment[0].oci_identity_compartment.compartment: Still destroying... [id=ocid1.compartment.oc1..aaaaaaaao7h2a342...wppegjkoceohpx5tahb63f6hrhpsqkvffzjq6q, 02m40s elapsed][0m[0m
[0m[1mmodule.vdss_compartment[0].oci_identity_compartment.compartment: Still destroying... [id=ocid1.compartment.oc1..aaaaaaaao7h2a342...wppegjkoceohpx5tahb63f6hrhpsqkvffzjq6q, 02m50s elapsed][0m[0m
[0m[1mmodule.vdss_compartment[0].oci_identity_compartment.compartment: Still destroying... [id=ocid1.compartment.oc1..aaaaaaaao7h2a342...wppegjkoceohpx5tahb63f6hrhpsqkvffzjq6q, 03m00s elapsed][0m[0m
[0m[1mmodule.vdss_compartment[0].oci_identity_compartment.compartment: Still destroying... [id=ocid1.compartment.oc1..aaaaaaaao7h2a342...wppegjkoceohpx5tahb63f6hrhpsqkvffzjq6q, 03m10s elapsed][0m[0m
[0m[1mmodule.vdss_compartment[0].oci_identity_compartment.compartment: Still destroying... [id=ocid1.compartment.oc1..aaaaaaaao7h2a342...wppegjkoceohpx5tahb63f6hrhpsqkvffzjq6q, 03m20s elapsed][0m[0m
[31m╷[0m[0m
[31m│[0m [0m[1m[31mError: [0m[0m[1mDuring deletion, Terraform expected the resource to reach state(s): DELETED, but the service reported unexpected state: ACTIVE.[0m
[31m│[0m [0m
[31m│[0m [0m[0m
[31m╵[0m[0m
[31m╷[0m[0m
[31m│[0m [0m[1m[31mError: [0m[0m[1mDuring deletion, Terraform expected the resource to reach state(s): DELETED, but the service reported unexpected state: ACTIVE.[0m
[31m│[0m [0m
[31m│[0m [0m[0m
[31m╵[0m[0m
