[0m[1mmodule.logging_analytics_namespace[0].oci_identity_policy.policy[0]: Refreshing state... [id=ocid1.policy.oc1..aaaaaaaafdtyj5aub7a6i4rb3crwwa233iqo4kpp7h44i3xopmov4am65p5a][0m
[0m[1mmodule.logging_analytics_namespace[0].data.oci_log_analytics_namespaces.logging_analytics_namespaces: Reading...[0m[0m
[0m[1mdata.oci_core_services.all_oci_services: Reading...[0m[0m
[0m[1mdata.oci_identity_region_subscriptions.regions: Reading...[0m[0m
[0m[1mmodule.service_events_service_connector.data.oci_objectstorage_namespace.ns: Reading...[0m[0m
[0m[1mdata.oci_log_analytics_namespaces.logging_analytics_namespaces[0]: Reading...[0m[0m
[0m[1mmodule.audit_log_service_connector.data.oci_objectstorage_namespace.ns: Reading...[0m[0m
[0m[1mmodule.audit_log_service_connector.data.oci_objectstorage_namespace.ns: Read complete after 0s [id=ObjectStorageNamespaceDataSource-3718988095][0m
[0m[1mdata.oci_identity_region_subscriptions.regions: Read complete after 0s [id=IdentityRegionSubscriptionsDataSource-3718988095][0m
[0m[1mdata.oci_log_analytics_namespaces.logging_analytics_namespaces[0]: Read complete after 0s [id=LogAnalyticsNamespacesDataSource-3718988095][0m
[0m[1mdata.oci_core_services.all_oci_services: Read complete after 0s [id=CoreServicesDataSource-0][0m
[0m[1mmodule.logging_analytics_namespace[0].data.oci_log_analytics_namespaces.logging_analytics_namespaces: Read complete after 0s [id=LogAnalyticsNamespacesDataSource-3718988095][0m
[0m[1mmodule.service_events_service_connector.data.oci_objectstorage_namespace.ns: Read complete after 0s [id=ObjectStorageNamespaceDataSource-3718988095][0m
[0m[1mmodule.logging_analytics_namespace[0].time_sleep.policy_propagation_delay: Refreshing state... [id=2026-06-19T16:53:46Z][0m
[0m[1mmodule.logging_analytics_namespace[0].oci_log_analytics_namespace.namespace: Refreshing state... [id=idrpmnca8bhc][0m
[0m[1mmodule.home_compartment[0].oci_identity_compartment.compartment: Refreshing state... [id=ocid1.compartment.oc1..aaaaaaaapgr2gbphdyx7edkw4h2abtg4wp7vcea6wn56ybdnpgn5ppjnohqq][0m
[0m[1mmodule.home_compartment[0].time_sleep.compartment_replication_delay: Refreshing state... [id=2026-06-19T16:53:53Z][0m
[0m[1mmodule.vdms_compartment[0].oci_identity_compartment.compartment: Refreshing state... [id=ocid1.compartment.oc1..aaaaaaaa2bqn56rtb5msqnnxp2i5kfpyooxah6jdoj7ozg2m7xsepxmwn2pq][0m
[0m[1mmodule.vdss_compartment[0].oci_identity_compartment.compartment: Refreshing state... [id=ocid1.compartment.oc1..aaaaaaaax5mozvwe7fkfviorrahgwtzfr6drck62y2ivyw3cfp6poo4yythq][0m
[0m[1mmodule.workload_compartment[0].oci_identity_compartment.compartment: Refreshing state... [id=ocid1.compartment.oc1..aaaaaaaantpjyigsfe556k7p447f4oolth67sdkl2dupx3ajtovy73kxusxq][0m
[0m[1mmodule.cloud_guard_policy[0].oci_identity_policy.policies: Refreshing state... [id=ocid1.policy.oc1..aaaaaaaa72csh5z32jff5yadn2m3doxogn2nnoovr3ycj3dredxsa3f7yvna][0m
[0m[1mmodule.vdss_network.oci_core_vcn.vcn: Refreshing state... [id=ocid1.vcn.oc1.iad.amaaaaaantwtxwya2rkedzwpej2udpqqxpbe7hv7xmffpspkorxrkkjg4kpq][0m
[0m[1mmodule.logging_analytics_audit_group[0].oci_log_analytics_log_analytics_log_group.log_analytics_log_group: Refreshing state... [id=ocid1.loganalyticsloggroup.oc1.iad.amaaaaaantwtxwyahvctcppwngal2gq5d2pkebbgd5at6rkvgjwb7pp2i6yq][0m
[0m[1mmodule.default_log_group.oci_logging_log_group.log_group: Refreshing state... [id=ocid1.loggroup.oc1.iad.amaaaaaantwtxwyadmi5ttp2pbgoqiqopfl4hdulmaumtq4uk2htdvw4apha][0m
[0m[1mmodule.vdms_critical_topic.oci_ons_notification_topic.topic_service: Refreshing state... [id=ocid1.onstopic.oc1.iad.amaaaaaantwtxwya7smngfqopyxuto3pbpfctycee3kpvk2oslsd5desmunq][0m
[0m[1mmodule.vss.oci_vulnerability_scanning_host_scan_recipe.vss_host_scan_recipe: Refreshing state... [id=ocid1.vsshostscanrecipe.oc1.iad.aaaaaaaamfa3dnqvwrerqbeyu5xdr6rbuj637gmd55qbeydwqb5hgx7ymtoa][0m
[0m[1mmodule.vdss_network.oci_core_subnet.subnet["OCI-SCCA-LZ-VDSS-SUB1"]: Refreshing state... [id=ocid1.subnet.oc1.iad.aaaaaaaa6icsg67gegmjpk6ylpb73sa6rvqcosnmmcbupbpr5zb3pkliktmq][0m
[0m[1mmodule.vdms_critical_topic.oci_events_rule.event_rule["lzCgCritical"]: Refreshing state... [id=ocid1.eventrule.oc1.iad.amaaaaaantwtxwyagm5no3hoh3benee56gvckpl4n3mq3gnqkdoiwpmzpkma][0m

Terraform used the selected providers to generate the following execution
plan. Resource actions are indicated with the following symbols:
  [31m-[0m destroy[0m

Terraform will perform the following actions:

[1m  # module.cloud_guard_policy[0].oci_identity_policy.policies[0m will be [1m[31mdestroyed[0m
[0m  [31m-[0m[0m resource "oci_identity_policy" "policies" {
      [31m-[0m[0m ETag           = "a5137a14939d8a79bb0ea08ff376b79303c06587" [90m-> null[0m[0m
      [31m-[0m[0m compartment_id = "ocid1.tenancy.oc1..aaaaaaaamr5cziqjkuck3bsp2c3ktcx7imbszmwvvhvd454s6phpc5yl5xga" [90m-> null[0m[0m
      [31m-[0m[0m defined_tags   = {
          [31m-[0m[0m "Oracle-Tags.CreatedBy" = "default/ericmalcolmpollard@gmail.com"
          [31m-[0m[0m "Oracle-Tags.CreatedOn" = "2026-06-19T16:54:28.534Z"
        } [90m-> null[0m[0m
      [31m-[0m[0m description    = "OCI SCCA Landing Zone Cloud Guard Policy" [90m-> null[0m[0m
      [31m-[0m[0m freeform_tags  = {} [90m-> null[0m[0m
      [31m-[0m[0m id             = "ocid1.policy.oc1..aaaaaaaa72csh5z32jff5yadn2m3doxogn2nnoovr3ycj3dredxsa3f7yvna" [90m-> null[0m[0m
      [31m-[0m[0m lastUpdateETag = "a5137a14939d8a79bb0ea08ff376b79303c06587" [90m-> null[0m[0m
      [31m-[0m[0m name           = "OCI-SCCA-LZ-Cloud-Guard-Policy-dev" [90m-> null[0m[0m
      [31m-[0m[0m policyHash     = "fdd12ed62c343d404e97e703947078be" [90m-> null[0m[0m
      [31m-[0m[0m state          = "ACTIVE" [90m-> null[0m[0m
      [31m-[0m[0m statements     = [
          [31m-[0m[0m "Allow service cloudguard to read vaults in tenancy",
          [31m-[0m[0m "Allow service cloudguard to read keys in tenancy",
          [31m-[0m[0m "Allow service cloudguard to read compartments in tenancy",
          [31m-[0m[0m "Allow service cloudguard to read tenancies in tenancy",
          [31m-[0m[0m "Allow service cloudguard to read audit-events in tenancy",
          [31m-[0m[0m "Allow service cloudguard to read compute-management-family in tenancy",
          [31m-[0m[0m "Allow service cloudguard to read instance-family in tenancy",
          [31m-[0m[0m "Allow service cloudguard to read virtual-network-family in tenancy",
          [31m-[0m[0m "Allow service cloudguard to read volume-family in tenancy",
          [31m-[0m[0m "Allow service cloudguard to read database-family in tenancy",
          [31m-[0m[0m "Allow service cloudguard to read object-family in tenancy",
          [31m-[0m[0m "Allow service cloudguard to read load-balancers in tenancy",
          [31m-[0m[0m "Allow service cloudguard to read users in tenancy",
          [31m-[0m[0m "Allow service cloudguard to read groups in tenancy",
          [31m-[0m[0m "Allow service cloudguard to read policies in tenancy",
          [31m-[0m[0m "Allow service cloudguard to read dynamic-groups in tenancy",
          [31m-[0m[0m "Allow service cloudguard to read authentication-policies in tenancy",
          [31m-[0m[0m "Allow service cloudguard to use network-security-groups in tenancy",
          [31m-[0m[0m "Allow service cloudguard to read data-safe-family in tenancy",
          [31m-[0m[0m "Allow service cloudguard to read autonomous-database-family in tenancy",
          [31m-[0m[0m "Allow service cloudguard to manage cloudevents-rules in tenancy where target.rule.type='managed'",
          [31m-[0m[0m "Allow service cloudguard to manage instance-family in compartment OCI-SCCA-LZ-Home-IAD-dev",
          [31m-[0m[0m "Allow service cloudguard to manage object-family in compartment OCI-SCCA-LZ-Home-IAD-dev",
          [31m-[0m[0m "Allow service cloudguard to manage buckets in compartment OCI-SCCA-LZ-Home-IAD-dev",
          [31m-[0m[0m "Allow service cloudguard to manage users in compartment OCI-SCCA-LZ-Home-IAD-dev",
          [31m-[0m[0m "Allow service cloudguard to manage policies in compartment OCI-SCCA-LZ-Home-IAD-dev",
          [31m-[0m[0m "Allow service cloudguard to manage keys in compartment OCI-SCCA-LZ-Home-IAD-dev",
        ] [90m-> null[0m[0m
      [31m-[0m[0m time_created   = "2026-06-19 16:54:28.611 +0000 UTC" [90m-> null[0m[0m
    }

[1m  # module.default_log_group.oci_logging_log_group.log_group[0m will be [1m[31mdestroyed[0m
[0m  [31m-[0m[0m resource "oci_logging_log_group" "log_group" {
      [31m-[0m[0m compartment_id     = "ocid1.compartment.oc1..aaaaaaaa2bqn56rtb5msqnnxp2i5kfpyooxah6jdoj7ozg2m7xsepxmwn2pq" [90m-> null[0m[0m
      [31m-[0m[0m defined_tags       = {
          [31m-[0m[0m "Oracle-Tags.CreatedBy" = "default/ericmalcolmpollard@gmail.com"
          [31m-[0m[0m "Oracle-Tags.CreatedOn" = "2026-06-19T16:54:05.992Z"
        } [90m-> null[0m[0m
      [31m-[0m[0m description        = "**Default log group for dev" [90m-> null[0m[0m
      [31m-[0m[0m display_name       = "Default_Group" [90m-> null[0m[0m
      [31m-[0m[0m freeform_tags      = {} [90m-> null[0m[0m
      [31m-[0m[0m id                 = "ocid1.loggroup.oc1.iad.amaaaaaantwtxwyadmi5ttp2pbgoqiqopfl4hdulmaumtq4uk2htdvw4apha" [90m-> null[0m[0m
      [31m-[0m[0m state              = "ACTIVE" [90m-> null[0m[0m
      [31m-[0m[0m time_created       = "2026-06-19 16:54:06.038 +0000 UTC" [90m-> null[0m[0m
      [31m-[0m[0m time_last_modified = "2026-06-19 16:54:06.038 +0000 UTC" [90m-> null[0m[0m
    }

[1m  # module.home_compartment[0].oci_identity_compartment.compartment[0m will be [1m[31mdestroyed[0m
[0m  [31m-[0m[0m resource "oci_identity_compartment" "compartment" {
      [31m-[0m[0m compartment_id = "ocid1.tenancy.oc1..aaaaaaaamr5cziqjkuck3bsp2c3ktcx7imbszmwvvhvd454s6phpc5yl5xga" [90m-> null[0m[0m
      [31m-[0m[0m defined_tags   = {
          [31m-[0m[0m "Oracle-Tags.CreatedBy" = "default/ericmalcolmpollard@gmail.com"
          [31m-[0m[0m "Oracle-Tags.CreatedOn" = "2026-06-19T16:52:16.534Z"
        } [90m-> null[0m[0m
      [31m-[0m[0m description    = "Landing Zone Home" [90m-> null[0m[0m
      [31m-[0m[0m enable_delete  = true [90m-> null[0m[0m
      [31m-[0m[0m freeform_tags  = {} [90m-> null[0m[0m
      [31m-[0m[0m id             = "ocid1.compartment.oc1..aaaaaaaapgr2gbphdyx7edkw4h2abtg4wp7vcea6wn56ybdnpgn5ppjnohqq" [90m-> null[0m[0m
      [31m-[0m[0m is_accessible  = true [90m-> null[0m[0m
      [31m-[0m[0m name           = "OCI-SCCA-LZ-Home-IAD-dev" [90m-> null[0m[0m
      [31m-[0m[0m state          = "ACTIVE" [90m-> null[0m[0m
      [31m-[0m[0m time_created   = "2026-06-19 16:52:16.774 +0000 UTC" [90m-> null[0m[0m
    }

[1m  # module.home_compartment[0].time_sleep.compartment_replication_delay[0m will be [1m[31mdestroyed[0m
[0m  [31m-[0m[0m resource "time_sleep" "compartment_replication_delay" {
      [31m-[0m[0m create_duration = "90s" [90m-> null[0m[0m
      [31m-[0m[0m id              = "2026-06-19T16:53:53Z" [90m-> null[0m[0m
    }

[1m  # module.logging_analytics_audit_group[0].oci_log_analytics_log_analytics_log_group.log_analytics_log_group[0m will be [1m[31mdestroyed[0m
[0m  [31m-[0m[0m resource "oci_log_analytics_log_analytics_log_group" "log_analytics_log_group" {
      [31m-[0m[0m compartment_id = "ocid1.compartment.oc1..aaaaaaaa2bqn56rtb5msqnnxp2i5kfpyooxah6jdoj7ozg2m7xsepxmwn2pq" [90m-> null[0m[0m
      [31m-[0m[0m defined_tags   = {
          [31m-[0m[0m "ArchitectureCenter\\oracle-enterprise-landing-zone-SCCA-2104.release" = "2.0.0"
          [31m-[0m[0m "Oracle-Tags.CreatedBy"                                                = "default/ericmalcolmpollard@gmail.com"
          [31m-[0m[0m "Oracle-Tags.CreatedOn"                                                = "2026-06-19T16:55:05.022Z"
        } [90m-> null[0m[0m
      [31m-[0m[0m description    = "Logging Analytics Log Group created by Landing Zone for AuditLog" [90m-> null[0m[0m
      [31m-[0m[0m display_name   = "AuditLog_dev" [90m-> null[0m[0m
      [31m-[0m[0m freeform_tags  = {} [90m-> null[0m[0m
      [31m-[0m[0m id             = "ocid1.loganalyticsloggroup.oc1.iad.amaaaaaantwtxwyahvctcppwngal2gq5d2pkebbgd5at6rkvgjwb7pp2i6yq" [90m-> null[0m[0m
      [31m-[0m[0m namespace      = "idrpmnca8bhc" [90m-> null[0m[0m
      [31m-[0m[0m time_created   = "2026-06-19 16:55:08.274 +0000 UTC" [90m-> null[0m[0m
      [31m-[0m[0m time_updated   = "2026-06-19 16:55:08.274 +0000 UTC" [90m-> null[0m[0m
    }

[1m  # module.logging_analytics_namespace[0].oci_identity_policy.policy[0][0m will be [1m[31mdestroyed[0m
[0m  [31m-[0m[0m resource "oci_identity_policy" "policy" {
      [31m-[0m[0m ETag           = "752b8920b4915469f9d7e970a646ed63fd6e8ce7" [90m-> null[0m[0m
      [31m-[0m[0m compartment_id = "ocid1.tenancy.oc1..aaaaaaaamr5cziqjkuck3bsp2c3ktcx7imbszmwvvhvd454s6phpc5yl5xga" [90m-> null[0m[0m
      [31m-[0m[0m defined_tags   = {
          [31m-[0m[0m "Oracle-Tags.CreatedBy" = "default/ericmalcolmpollard@gmail.com"
          [31m-[0m[0m "Oracle-Tags.CreatedOn" = "2026-06-19T16:52:16.289Z"
        } [90m-> null[0m[0m
      [31m-[0m[0m description    = "OCI Landing Zone Landing Zone Logging Analytics Service Policy" [90m-> null[0m[0m
      [31m-[0m[0m freeform_tags  = {} [90m-> null[0m[0m
      [31m-[0m[0m id             = "ocid1.policy.oc1..aaaaaaaafdtyj5aub7a6i4rb3crwwa233iqo4kpp7h44i3xopmov4am65p5a" [90m-> null[0m[0m
      [31m-[0m[0m lastUpdateETag = "752b8920b4915469f9d7e970a646ed63fd6e8ce7" [90m-> null[0m[0m
      [31m-[0m[0m name           = "dev-OCI-ELZ-LA-Policy" [90m-> null[0m[0m
      [31m-[0m[0m policyHash     = "a3c36cdd564c0213ccd77b0b1a4aaae4" [90m-> null[0m[0m
      [31m-[0m[0m state          = "ACTIVE" [90m-> null[0m[0m
      [31m-[0m[0m statements     = [
          [31m-[0m[0m "define tenancy sampledata as ocid1.tenancy.oc1..aaaaaaaabmtv54v5bg45j7zd2eeat4df2bwfqkmxe2yy6ecdfrc36wloe4ia",
          [31m-[0m[0m "endorse group Administrators to read loganalytics-features-family in tenancy sampledata",
          [31m-[0m[0m "endorse group Administrators to read loganalytics-resources-family in tenancy sampledata",
          [31m-[0m[0m "endorse group Administrators to read compartments in tenancy sampledata",
          [31m-[0m[0m "allow service loganalytics to READ loganalytics-features-family in tenancy",
          [31m-[0m[0m "allow service loganalytics to READ compartments in tenancy",
        ] [90m-> null[0m[0m
      [31m-[0m[0m time_created   = "2026-06-19 16:52:16.341 +0000 UTC" [90m-> null[0m[0m
    }

[1m  # module.logging_analytics_namespace[0].oci_log_analytics_namespace.namespace[0m will be [1m[31mdestroyed[0m
[0m  [31m-[0m[0m resource "oci_log_analytics_namespace" "namespace" {
      [31m-[0m[0m compartment_id = "ocid1.tenancy.oc1..aaaaaaaamr5cziqjkuck3bsp2c3ktcx7imbszmwvvhvd454s6phpc5yl5xga" [90m-> null[0m[0m
      [31m-[0m[0m id             = "idrpmnca8bhc" [90m-> null[0m[0m
      [31m-[0m[0m is_onboarded   = true [90m-> null[0m[0m
      [31m-[0m[0m namespace      = "idrpmnca8bhc" [90m-> null[0m[0m
    }

[1m  # module.logging_analytics_namespace[0].time_sleep.policy_propagation_delay[0m will be [1m[31mdestroyed[0m
[0m  [31m-[0m[0m resource "time_sleep" "policy_propagation_delay" {
      [31m-[0m[0m create_duration = "90s" [90m-> null[0m[0m
      [31m-[0m[0m id              = "2026-06-19T16:53:46Z" [90m-> null[0m[0m
    }

[1m  # module.vdms_compartment[0].oci_identity_compartment.compartment[0m will be [1m[31mdestroyed[0m
[0m  [31m-[0m[0m resource "oci_identity_compartment" "compartment" {
      [31m-[0m[0m compartment_id = "ocid1.compartment.oc1..aaaaaaaapgr2gbphdyx7edkw4h2abtg4wp7vcea6wn56ybdnpgn5ppjnohqq" [90m-> null[0m[0m
      [31m-[0m[0m defined_tags   = {
          [31m-[0m[0m "Oracle-Tags.CreatedBy" = "default/ericmalcolmpollard@gmail.com"
          [31m-[0m[0m "Oracle-Tags.CreatedOn" = "2026-06-19T16:52:27.129Z"
        } [90m-> null[0m[0m
      [31m-[0m[0m description    = "Virtual Datacenter Management Stack" [90m-> null[0m[0m
      [31m-[0m[0m enable_delete  = true [90m-> null[0m[0m
      [31m-[0m[0m freeform_tags  = {} [90m-> null[0m[0m
      [31m-[0m[0m id             = "ocid1.compartment.oc1..aaaaaaaa2bqn56rtb5msqnnxp2i5kfpyooxah6jdoj7ozg2m7xsepxmwn2pq" [90m-> null[0m[0m
      [31m-[0m[0m is_accessible  = true [90m-> null[0m[0m
      [31m-[0m[0m name           = "OCI-SCCA-LZ-VDMS-IAD-dev" [90m-> null[0m[0m
      [31m-[0m[0m state          = "ACTIVE" [90m-> null[0m[0m
      [31m-[0m[0m time_created   = "2026-06-19 16:52:27.159 +0000 UTC" [90m-> null[0m[0m
    }

[1m  # module.vdms_critical_topic.oci_events_rule.event_rule["lzCgCritical"][0m will be [1m[31mdestroyed[0m
[0m  [31m-[0m[0m resource "oci_events_rule" "event_rule" {
      [31m-[0m[0m compartment_id = "ocid1.compartment.oc1..aaaaaaaa2bqn56rtb5msqnnxp2i5kfpyooxah6jdoj7ozg2m7xsepxmwn2pq" [90m-> null[0m[0m
      [31m-[0m[0m condition      = <<-EOT
            {
                          "eventType":[
                            "com.oraclecloud.cloudguard.problemdetected"
                          ]
                        }
        EOT [90m-> null[0m[0m
      [31m-[0m[0m defined_tags   = {
          [31m-[0m[0m "Oracle-Tags.CreatedBy" = "default/ericmalcolmpollard@gmail.com"
          [31m-[0m[0m "Oracle-Tags.CreatedOn" = "2026-06-19T16:54:09.412Z"
        } [90m-> null[0m[0m
      [31m-[0m[0m description    = "Cloud Guard Problem Critical" [90m-> null[0m[0m
      [31m-[0m[0m display_name   = "lzCgCritical" [90m-> null[0m[0m
      [31m-[0m[0m freeform_tags  = {} [90m-> null[0m[0m
      [31m-[0m[0m id             = "ocid1.eventrule.oc1.iad.amaaaaaantwtxwyagm5no3hoh3benee56gvckpl4n3mq3gnqkdoiwpmzpkma" [90m-> null[0m[0m
      [31m-[0m[0m is_enabled     = true [90m-> null[0m[0m
      [31m-[0m[0m state          = "ACTIVE" [90m-> null[0m[0m
      [31m-[0m[0m time_created   = "2026-06-19 16:54:09.818 +0000 UTC" [90m-> null[0m[0m

      [31m-[0m[0m actions {
          [31m-[0m[0m actions {
              [31m-[0m[0m action_type       = "ONS" [90m-> null[0m[0m
              [31m-[0m[0m id                = "ocid1.eventaction.oc1.iad.abuwcljsa6gbougedjpddcqwoutxzghyha2rm2ms6busdogejj55tost7giq" [90m-> null[0m[0m
              [31m-[0m[0m is_enabled        = true [90m-> null[0m[0m
              [31m-[0m[0m state             = "ACTIVE" [90m-> null[0m[0m
              [31m-[0m[0m topic_id          = "ocid1.onstopic.oc1.iad.amaaaaaantwtxwya7smngfqopyxuto3pbpfctycee3kpvk2oslsd5desmunq" [90m-> null[0m[0m
                [90m# (4 unchanged attributes hidden)[0m[0m
            }
        }
    }

[1m  # module.vdms_critical_topic.oci_ons_notification_topic.topic_service[0m will be [1m[31mdestroyed[0m
[0m  [31m-[0m[0m resource "oci_ons_notification_topic" "topic_service" {
      [31m-[0m[0m api_endpoint   = "https://cell1.notification.us-ashburn-1.oci.oraclecloud.com" [90m-> null[0m[0m
      [31m-[0m[0m compartment_id = "ocid1.compartment.oc1..aaaaaaaa2bqn56rtb5msqnnxp2i5kfpyooxah6jdoj7ozg2m7xsepxmwn2pq" [90m-> null[0m[0m
      [31m-[0m[0m defined_tags   = {
          [31m-[0m[0m "Oracle-Tags.CreatedBy" = "default/ericmalcolmpollard@gmail.com"
          [31m-[0m[0m "Oracle-Tags.CreatedOn" = "2026-06-19T16:54:04.705Z"
        } [90m-> null[0m[0m
      [31m-[0m[0m description    = "Critical notification for VDMS" [90m-> null[0m[0m
      [31m-[0m[0m etag           = "931b3a0f" [90m-> null[0m[0m
      [31m-[0m[0m freeform_tags  = {} [90m-> null[0m[0m
      [31m-[0m[0m id             = "ocid1.onstopic.oc1.iad.amaaaaaantwtxwya7smngfqopyxuto3pbpfctycee3kpvk2oslsd5desmunq" [90m-> null[0m[0m
      [31m-[0m[0m name           = "VDMS-Critical-dev" [90m-> null[0m[0m
      [31m-[0m[0m state          = "ACTIVE" [90m-> null[0m[0m
      [31m-[0m[0m time_created   = "2026-06-19 16:54:04.758 +0000 UTC" [90m-> null[0m[0m
      [31m-[0m[0m topic_id       = "ocid1.onstopic.oc1.iad.amaaaaaantwtxwya7smngfqopyxuto3pbpfctycee3kpvk2oslsd5desmunq" [90m-> null[0m[0m
    }

[1m  # module.vdss_compartment[0].oci_identity_compartment.compartment[0m will be [1m[31mdestroyed[0m
[0m  [31m-[0m[0m resource "oci_identity_compartment" "compartment" {
      [31m-[0m[0m compartment_id = "ocid1.compartment.oc1..aaaaaaaapgr2gbphdyx7edkw4h2abtg4wp7vcea6wn56ybdnpgn5ppjnohqq" [90m-> null[0m[0m
      [31m-[0m[0m defined_tags   = {
          [31m-[0m[0m "Oracle-Tags.CreatedBy" = "default/ericmalcolmpollard@gmail.com"
          [31m-[0m[0m "Oracle-Tags.CreatedOn" = "2026-06-19T16:52:24.295Z"
        } [90m-> null[0m[0m
      [31m-[0m[0m description    = "Virtual Datacenter Security Stack" [90m-> null[0m[0m
      [31m-[0m[0m enable_delete  = true [90m-> null[0m[0m
      [31m-[0m[0m freeform_tags  = {} [90m-> null[0m[0m
      [31m-[0m[0m id             = "ocid1.compartment.oc1..aaaaaaaax5mozvwe7fkfviorrahgwtzfr6drck62y2ivyw3cfp6poo4yythq" [90m-> null[0m[0m
      [31m-[0m[0m is_accessible  = true [90m-> null[0m[0m
      [31m-[0m[0m name           = "OCI-SCCA-LZ-VDSS-IAD-dev" [90m-> null[0m[0m
      [31m-[0m[0m state          = "ACTIVE" [90m-> null[0m[0m
      [31m-[0m[0m time_created   = "2026-06-19 16:52:25.027 +0000 UTC" [90m-> null[0m[0m
    }

[1m  # module.vdss_network.oci_core_subnet.subnet["OCI-SCCA-LZ-VDSS-SUB1"][0m will be [1m[31mdestroyed[0m
[0m  [31m-[0m[0m resource "oci_core_subnet" "subnet" {
      [31m-[0m[0m cidr_block                 = "192.168.0.128/25" [90m-> null[0m[0m
      [31m-[0m[0m compartment_id             = "ocid1.compartment.oc1..aaaaaaaax5mozvwe7fkfviorrahgwtzfr6drck62y2ivyw3cfp6poo4yythq" [90m-> null[0m[0m
      [31m-[0m[0m defined_tags               = {
          [31m-[0m[0m "Oracle-Tags.CreatedBy" = "default/ericmalcolmpollard@gmail.com"
          [31m-[0m[0m "Oracle-Tags.CreatedOn" = "2026-06-19T16:54:04.229Z"
        } [90m-> null[0m[0m
      [31m-[0m[0m dhcp_options_id            = "ocid1.dhcpoptions.oc1.iad.aaaaaaaazobj6jmqo3nnce54djhytb676xbl4ckru6waonoi2uakpz7kwbiq" [90m-> null[0m[0m
      [31m-[0m[0m display_name               = "OCI-SCCA-LZ-VDSS-SUB1-IAD" [90m-> null[0m[0m
      [31m-[0m[0m dns_label                  = "lbsubnet" [90m-> null[0m[0m
      [31m-[0m[0m freeform_tags              = {} [90m-> null[0m[0m
      [31m-[0m[0m id                         = "ocid1.subnet.oc1.iad.aaaaaaaa6icsg67gegmjpk6ylpb73sa6rvqcosnmmcbupbpr5zb3pkliktmq" [90m-> null[0m[0m
      [31m-[0m[0m ipv6cidr_blocks            = [] [90m-> null[0m[0m
      [31m-[0m[0m prohibit_internet_ingress  = true [90m-> null[0m[0m
      [31m-[0m[0m prohibit_public_ip_on_vnic = true [90m-> null[0m[0m
      [31m-[0m[0m route_table_id             = "ocid1.routetable.oc1.iad.aaaaaaaalh3zyhkmgcw4go3be3up5rqkmmexurbz2xjvn7p672dwjdn4zarq" [90m-> null[0m[0m
      [31m-[0m[0m security_list_ids          = [
          [31m-[0m[0m "ocid1.securitylist.oc1.iad.aaaaaaaaq5vcfjj2ur53v2nrmgdhermts74sragkvfil7vtv4ne4bmvcudaa",
        ] [90m-> null[0m[0m
      [31m-[0m[0m state                      = "AVAILABLE" [90m-> null[0m[0m
      [31m-[0m[0m subnet_domain_name         = "lbsubnet.vdssvnc.oraclevcn.com" [90m-> null[0m[0m
      [31m-[0m[0m time_created               = "2026-06-19 16:54:04.301 +0000 UTC" [90m-> null[0m[0m
      [31m-[0m[0m vcn_id                     = "ocid1.vcn.oc1.iad.amaaaaaantwtxwya2rkedzwpej2udpqqxpbe7hv7xmffpspkorxrkkjg4kpq" [90m-> null[0m[0m
      [31m-[0m[0m virtual_router_ip          = "192.168.0.129" [90m-> null[0m[0m
      [31m-[0m[0m virtual_router_mac         = "00:00:17:B0:58:5C" [90m-> null[0m[0m
    }

[1m  # module.vdss_network.oci_core_vcn.vcn[0m will be [1m[31mdestroyed[0m
[0m  [31m-[0m[0m resource "oci_core_vcn" "vcn" {
      [31m-[0m[0m byoipv6cidr_blocks       = [] [90m-> null[0m[0m
      [31m-[0m[0m cidr_block               = "192.168.0.0/24" [90m-> null[0m[0m
      [31m-[0m[0m cidr_blocks              = [
          [31m-[0m[0m "192.168.0.0/24",
        ] [90m-> null[0m[0m
      [31m-[0m[0m compartment_id           = "ocid1.compartment.oc1..aaaaaaaax5mozvwe7fkfviorrahgwtzfr6drck62y2ivyw3cfp6poo4yythq" [90m-> null[0m[0m
      [31m-[0m[0m default_dhcp_options_id  = "ocid1.dhcpoptions.oc1.iad.aaaaaaaazobj6jmqo3nnce54djhytb676xbl4ckru6waonoi2uakpz7kwbiq" [90m-> null[0m[0m
      [31m-[0m[0m default_route_table_id   = "ocid1.routetable.oc1.iad.aaaaaaaalh3zyhkmgcw4go3be3up5rqkmmexurbz2xjvn7p672dwjdn4zarq" [90m-> null[0m[0m
      [31m-[0m[0m default_security_list_id = "ocid1.securitylist.oc1.iad.aaaaaaaaq5vcfjj2ur53v2nrmgdhermts74sragkvfil7vtv4ne4bmvcudaa" [90m-> null[0m[0m
      [31m-[0m[0m defined_tags             = {
          [31m-[0m[0m "Oracle-Tags.CreatedBy" = "default/ericmalcolmpollard@gmail.com"
          [31m-[0m[0m "Oracle-Tags.CreatedOn" = "2026-06-19T16:53:55.524Z"
        } [90m-> null[0m[0m
      [31m-[0m[0m display_name             = "OCI-SCCA-LZ-VDSS-VCN-IAD" [90m-> null[0m[0m
      [31m-[0m[0m dns_label                = "vdssvnc" [90m-> null[0m[0m
      [31m-[0m[0m freeform_tags            = {} [90m-> null[0m[0m
      [31m-[0m[0m id                       = "ocid1.vcn.oc1.iad.amaaaaaantwtxwya2rkedzwpej2udpqqxpbe7hv7xmffpspkorxrkkjg4kpq" [90m-> null[0m[0m
      [31m-[0m[0m ipv6cidr_blocks          = [] [90m-> null[0m[0m
      [31m-[0m[0m ipv6private_cidr_blocks  = [] [90m-> null[0m[0m
      [31m-[0m[0m is_ipv6enabled           = false [90m-> null[0m[0m
      [31m-[0m[0m state                    = "AVAILABLE" [90m-> null[0m[0m
      [31m-[0m[0m time_created             = "2026-06-19 16:53:55.593 +0000 UTC" [90m-> null[0m[0m
      [31m-[0m[0m vcn_domain_name          = "vdssvnc.oraclevcn.com" [90m-> null[0m[0m
    }

[1m  # module.vss.oci_vulnerability_scanning_host_scan_recipe.vss_host_scan_recipe[0m will be [1m[31mdestroyed[0m
[0m  [31m-[0m[0m resource "oci_vulnerability_scanning_host_scan_recipe" "vss_host_scan_recipe" {
      [31m-[0m[0m compartment_id = "ocid1.compartment.oc1..aaaaaaaa2bqn56rtb5msqnnxp2i5kfpyooxah6jdoj7ozg2m7xsepxmwn2pq" [90m-> null[0m[0m
      [31m-[0m[0m defined_tags   = {
          [31m-[0m[0m "Oracle-Tags.CreatedBy" = "default/ericmalcolmpollard@gmail.com"
          [31m-[0m[0m "Oracle-Tags.CreatedOn" = "2026-06-19T16:54:07.419Z"
        } [90m-> null[0m[0m
      [31m-[0m[0m display_name   = "OCI-SCCA-LZ-Scanning-Service-Recipe" [90m-> null[0m[0m
      [31m-[0m[0m freeform_tags  = {} [90m-> null[0m[0m
      [31m-[0m[0m id             = "ocid1.vsshostscanrecipe.oc1.iad.aaaaaaaamfa3dnqvwrerqbeyu5xdr6rbuj637gmd55qbeydwqb5hgx7ymtoa" [90m-> null[0m[0m
      [31m-[0m[0m state          = "ACTIVE" [90m-> null[0m[0m
      [31m-[0m[0m system_tags    = {} [90m-> null[0m[0m
      [31m-[0m[0m time_created   = "2026-06-19 16:54:07.502 +0000 UTC" [90m-> null[0m[0m
      [31m-[0m[0m time_updated   = "2026-06-19 16:54:07.519 +0000 UTC" [90m-> null[0m[0m

      [31m-[0m[0m agent_settings {
          [31m-[0m[0m scan_level = "STANDARD" [90m-> null[0m[0m

          [31m-[0m[0m agent_configuration {
              [31m-[0m[0m should_un_install = false [90m-> null[0m[0m
              [31m-[0m[0m vendor            = "OCI" [90m-> null[0m[0m
              [31m-[0m[0m vendor_type       = "OCI" [90m-> null[0m[0m
                [90m# (1 unchanged attribute hidden)[0m[0m

              [31m-[0m[0m cis_benchmark_settings {
                  [31m-[0m[0m scan_level = "STRICT" [90m-> null[0m[0m
                }
            }
        }

      [31m-[0m[0m application_settings {
          [31m-[0m[0m application_scan_recurrence = "FREQ=WEEKLY;WKST=SU" [90m-> null[0m[0m
          [31m-[0m[0m is_enabled                  = true [90m-> null[0m[0m

          [31m-[0m[0m folders_to_scan {
              [31m-[0m[0m folder          = "/" [90m-> null[0m[0m
              [31m-[0m[0m operatingsystem = "LINUX" [90m-> null[0m[0m
            }
        }

      [31m-[0m[0m port_settings {
          [31m-[0m[0m scan_level = "STANDARD" [90m-> null[0m[0m
        }

      [31m-[0m[0m schedule {
          [31m-[0m[0m day_of_week = "SUNDAY" [90m-> null[0m[0m
          [31m-[0m[0m type        = "DAILY" [90m-> null[0m[0m
        }
    }

[1mPlan:[0m [0m0 to add, 0 to change, 15 to destroy.

Changes to Outputs:
  [31m-[0m[0m home_compartment_id   = "ocid1.compartment.oc1..aaaaaaaapgr2gbphdyx7edkw4h2abtg4wp7vcea6wn56ybdnpgn5ppjnohqq" [90m-> null[0m[0m
  [31m-[0m[0m identity_domain_name  = "OCI-SCCA-LZ-Domain-IAD-dev" [90m-> null[0m[0m
  [31m-[0m[0m policy_to_add         = <<-EOT
        The remote buckets should be created in the same region as SCCA LZ created.
          Please also add below policy to the root level of the remote tenancy:
          define tenancy SCCA-LZ-Tenancy as ,
          admit any-user of tenancy SCCA-LZ-Tenancy to manage object-family in tenancy
    EOT [90m-> null[0m[0m
  [31m-[0m[0m vdms_compartment_name = "OCI-SCCA-LZ-VDMS-IAD-dev" [90m-> null[0m[0m
[0m[1mmodule.logging_analytics_audit_group[0].oci_log_analytics_log_analytics_log_group.log_analytics_log_group: Destroying... [id=ocid1.loganalyticsloggroup.oc1.iad.amaaaaaantwtxwyahvctcppwngal2gq5d2pkebbgd5at6rkvgjwb7pp2i6yq][0m[0m
[0m[1mmodule.vdms_critical_topic.oci_events_rule.event_rule["lzCgCritical"]: Destroying... [id=ocid1.eventrule.oc1.iad.amaaaaaantwtxwyagm5no3hoh3benee56gvckpl4n3mq3gnqkdoiwpmzpkma][0m[0m
[0m[1mmodule.default_log_group.oci_logging_log_group.log_group: Destroying... [id=ocid1.loggroup.oc1.iad.amaaaaaantwtxwyadmi5ttp2pbgoqiqopfl4hdulmaumtq4uk2htdvw4apha][0m[0m
[0m[1mmodule.vss.oci_vulnerability_scanning_host_scan_recipe.vss_host_scan_recipe: Destroying... [id=ocid1.vsshostscanrecipe.oc1.iad.aaaaaaaamfa3dnqvwrerqbeyu5xdr6rbuj637gmd55qbeydwqb5hgx7ymtoa][0m[0m
[0m[1mmodule.cloud_guard_policy[0].oci_identity_policy.policies: Destroying... [id=ocid1.policy.oc1..aaaaaaaa72csh5z32jff5yadn2m3doxogn2nnoovr3ycj3dredxsa3f7yvna][0m[0m
[0m[1mmodule.vdss_network.oci_core_subnet.subnet["OCI-SCCA-LZ-VDSS-SUB1"]: Destroying... [id=ocid1.subnet.oc1.iad.aaaaaaaa6icsg67gegmjpk6ylpb73sa6rvqcosnmmcbupbpr5zb3pkliktmq][0m[0m
[0m[1mmodule.cloud_guard_policy[0].oci_identity_policy.policies: Destruction complete after 0s[0m
[0m[1mmodule.home_compartment[0].time_sleep.compartment_replication_delay: Destroying... [id=2026-06-19T16:53:53Z][0m[0m
[0m[1mmodule.home_compartment[0].time_sleep.compartment_replication_delay: Destruction complete after 0s[0m
[0m[1mmodule.default_log_group.oci_logging_log_group.log_group: Destruction complete after 1s[0m
[0m[1mmodule.vdms_critical_topic.oci_events_rule.event_rule["lzCgCritical"]: Destruction complete after 1s[0m
[0m[1mmodule.vdms_critical_topic.oci_ons_notification_topic.topic_service: Destroying... [id=ocid1.onstopic.oc1.iad.amaaaaaantwtxwya7smngfqopyxuto3pbpfctycee3kpvk2oslsd5desmunq][0m[0m
[0m[1mmodule.vss.oci_vulnerability_scanning_host_scan_recipe.vss_host_scan_recipe: Destruction complete after 1s[0m
[0m[1mmodule.vdss_network.oci_core_subnet.subnet["OCI-SCCA-LZ-VDSS-SUB1"]: Destruction complete after 2s[0m
[0m[1mmodule.vdss_network.oci_core_vcn.vcn: Destroying... [id=ocid1.vcn.oc1.iad.amaaaaaantwtxwya2rkedzwpej2udpqqxpbe7hv7xmffpspkorxrkkjg4kpq][0m[0m
[0m[1mmodule.vdss_network.oci_core_vcn.vcn: Destruction complete after 0s[0m
[0m[1mmodule.vdss_compartment[0].oci_identity_compartment.compartment: Destroying... [id=ocid1.compartment.oc1..aaaaaaaax5mozvwe7fkfviorrahgwtzfr6drck62y2ivyw3cfp6poo4yythq][0m[0m
[0m[1mmodule.logging_analytics_audit_group[0].oci_log_analytics_log_analytics_log_group.log_analytics_log_group: Still destroying... [id=ocid1.loganalyticsloggroup.oc1.iad.amaa...pwngal2gq5d2pkebbgd5at6rkvgjwb7pp2i6yq, 00m10s elapsed][0m[0m
[0m[1mmodule.vdms_critical_topic.oci_ons_notification_topic.topic_service: Still destroying... [id=ocid1.onstopic.oc1.iad.amaaaaaantwtxwya...qopyxuto3pbpfctycee3kpvk2oslsd5desmunq, 00m10s elapsed][0m[0m
[0m[1mmodule.vdss_compartment[0].oci_identity_compartment.compartment: Still destroying... [id=ocid1.compartment.oc1..aaaaaaaax5mozvwe...orrahgwtzfr6drck62y2ivyw3cfp6poo4yythq, 00m10s elapsed][0m[0m
[0m[1mmodule.logging_analytics_audit_group[0].oci_log_analytics_log_analytics_log_group.log_analytics_log_group: Still destroying... [id=ocid1.loganalyticsloggroup.oc1.iad.amaa...pwngal2gq5d2pkebbgd5at6rkvgjwb7pp2i6yq, 00m20s elapsed][0m[0m
[0m[1mmodule.vdms_critical_topic.oci_ons_notification_topic.topic_service: Still destroying... [id=ocid1.onstopic.oc1.iad.amaaaaaantwtxwya...qopyxuto3pbpfctycee3kpvk2oslsd5desmunq, 00m20s elapsed][0m[0m
[0m[1mmodule.vdss_compartment[0].oci_identity_compartment.compartment: Still destroying... [id=ocid1.compartment.oc1..aaaaaaaax5mozvwe...orrahgwtzfr6drck62y2ivyw3cfp6poo4yythq, 00m20s elapsed][0m[0m
[0m[1mmodule.logging_analytics_audit_group[0].oci_log_analytics_log_analytics_log_group.log_analytics_log_group: Still destroying... [id=ocid1.loganalyticsloggroup.oc1.iad.amaa...pwngal2gq5d2pkebbgd5at6rkvgjwb7pp2i6yq, 00m30s elapsed][0m[0m
[0m[1mmodule.vdms_critical_topic.oci_ons_notification_topic.topic_service: Still destroying... [id=ocid1.onstopic.oc1.iad.amaaaaaantwtxwya...qopyxuto3pbpfctycee3kpvk2oslsd5desmunq, 00m30s elapsed][0m[0m
[0m[1mmodule.vdss_compartment[0].oci_identity_compartment.compartment: Still destroying... [id=ocid1.compartment.oc1..aaaaaaaax5mozvwe...orrahgwtzfr6drck62y2ivyw3cfp6poo4yythq, 00m30s elapsed][0m[0m
[0m[1mmodule.logging_analytics_audit_group[0].oci_log_analytics_log_analytics_log_group.log_analytics_log_group: Still destroying... [id=ocid1.loganalyticsloggroup.oc1.iad.amaa...pwngal2gq5d2pkebbgd5at6rkvgjwb7pp2i6yq, 00m40s elapsed][0m[0m
[0m[1mmodule.vdms_critical_topic.oci_ons_notification_topic.topic_service: Still destroying... [id=ocid1.onstopic.oc1.iad.amaaaaaantwtxwya...qopyxuto3pbpfctycee3kpvk2oslsd5desmunq, 00m40s elapsed][0m[0m
[0m[1mmodule.vdss_compartment[0].oci_identity_compartment.compartment: Still destroying... [id=ocid1.compartment.oc1..aaaaaaaax5mozvwe...orrahgwtzfr6drck62y2ivyw3cfp6poo4yythq, 00m40s elapsed][0m[0m
[0m[1mmodule.vdms_critical_topic.oci_ons_notification_topic.topic_service: Still destroying... [id=ocid1.onstopic.oc1.iad.amaaaaaantwtxwya...qopyxuto3pbpfctycee3kpvk2oslsd5desmunq, 00m50s elapsed][0m[0m
[0m[1mmodule.vdss_compartment[0].oci_identity_compartment.compartment: Still destroying... [id=ocid1.compartment.oc1..aaaaaaaax5mozvwe...orrahgwtzfr6drck62y2ivyw3cfp6poo4yythq, 00m50s elapsed][0m[0m
[0m[1mmodule.vdms_critical_topic.oci_ons_notification_topic.topic_service: Still destroying... [id=ocid1.onstopic.oc1.iad.amaaaaaantwtxwya...qopyxuto3pbpfctycee3kpvk2oslsd5desmunq, 01m00s elapsed][0m[0m
[0m[1mmodule.vdss_compartment[0].oci_identity_compartment.compartment: Still destroying... [id=ocid1.compartment.oc1..aaaaaaaax5mozvwe...orrahgwtzfr6drck62y2ivyw3cfp6poo4yythq, 01m00s elapsed][0m[0m
[0m[1mmodule.vdms_critical_topic.oci_ons_notification_topic.topic_service: Still destroying... [id=ocid1.onstopic.oc1.iad.amaaaaaantwtxwya...qopyxuto3pbpfctycee3kpvk2oslsd5desmunq, 01m10s elapsed][0m[0m
[0m[1mmodule.vdss_compartment[0].oci_identity_compartment.compartment: Still destroying... [id=ocid1.compartment.oc1..aaaaaaaax5mozvwe...orrahgwtzfr6drck62y2ivyw3cfp6poo4yythq, 01m10s elapsed][0m[0m
[0m[1mmodule.vdms_critical_topic.oci_ons_notification_topic.topic_service: Still destroying... [id=ocid1.onstopic.oc1.iad.amaaaaaantwtxwya...qopyxuto3pbpfctycee3kpvk2oslsd5desmunq, 01m20s elapsed][0m[0m
[0m[1mmodule.vdss_compartment[0].oci_identity_compartment.compartment: Still destroying... [id=ocid1.compartment.oc1..aaaaaaaax5mozvwe...orrahgwtzfr6drck62y2ivyw3cfp6poo4yythq, 01m20s elapsed][0m[0m
[0m[1mmodule.vdms_critical_topic.oci_ons_notification_topic.topic_service: Still destroying... [id=ocid1.onstopic.oc1.iad.amaaaaaantwtxwya...qopyxuto3pbpfctycee3kpvk2oslsd5desmunq, 01m30s elapsed][0m[0m
[0m[1mmodule.vdss_compartment[0].oci_identity_compartment.compartment: Still destroying... [id=ocid1.compartment.oc1..aaaaaaaax5mozvwe...orrahgwtzfr6drck62y2ivyw3cfp6poo4yythq, 01m30s elapsed][0m[0m
[0m[1mmodule.vdms_critical_topic.oci_ons_notification_topic.topic_service: Still destroying... [id=ocid1.onstopic.oc1.iad.amaaaaaantwtxwya...qopyxuto3pbpfctycee3kpvk2oslsd5desmunq, 01m40s elapsed][0m[0m
[0m[1mmodule.vdss_compartment[0].oci_identity_compartment.compartment: Still destroying... [id=ocid1.compartment.oc1..aaaaaaaax5mozvwe...orrahgwtzfr6drck62y2ivyw3cfp6poo4yythq, 01m40s elapsed][0m[0m
[0m[1mmodule.vdms_critical_topic.oci_ons_notification_topic.topic_service: Still destroying... [id=ocid1.onstopic.oc1.iad.amaaaaaantwtxwya...qopyxuto3pbpfctycee3kpvk2oslsd5desmunq, 01m50s elapsed][0m[0m
[0m[1mmodule.vdss_compartment[0].oci_identity_compartment.compartment: Still destroying... [id=ocid1.compartment.oc1..aaaaaaaax5mozvwe...orrahgwtzfr6drck62y2ivyw3cfp6poo4yythq, 01m50s elapsed][0m[0m
[0m[1mmodule.vdss_compartment[0].oci_identity_compartment.compartment: Destruction complete after 1m57s[0m
[0m[1mmodule.vdms_critical_topic.oci_ons_notification_topic.topic_service: Still destroying... [id=ocid1.onstopic.oc1.iad.amaaaaaantwtxwya...qopyxuto3pbpfctycee3kpvk2oslsd5desmunq, 02m00s elapsed][0m[0m
[0m[1mmodule.vdms_critical_topic.oci_ons_notification_topic.topic_service: Still destroying... [id=ocid1.onstopic.oc1.iad.amaaaaaantwtxwya...qopyxuto3pbpfctycee3kpvk2oslsd5desmunq, 02m10s elapsed][0m[0m
[0m[1mmodule.vdms_critical_topic.oci_ons_notification_topic.topic_service: Still destroying... [id=ocid1.onstopic.oc1.iad.amaaaaaantwtxwya...qopyxuto3pbpfctycee3kpvk2oslsd5desmunq, 02m20s elapsed][0m[0m
[0m[1mmodule.vdms_critical_topic.oci_ons_notification_topic.topic_service: Still destroying... [id=ocid1.onstopic.oc1.iad.amaaaaaantwtxwya...qopyxuto3pbpfctycee3kpvk2oslsd5desmunq, 02m30s elapsed][0m[0m
[0m[1mmodule.vdms_critical_topic.oci_ons_notification_topic.topic_service: Still destroying... [id=ocid1.onstopic.oc1.iad.amaaaaaantwtxwya...qopyxuto3pbpfctycee3kpvk2oslsd5desmunq, 02m40s elapsed][0m[0m
[0m[1mmodule.vdms_critical_topic.oci_ons_notification_topic.topic_service: Still destroying... [id=ocid1.onstopic.oc1.iad.amaaaaaantwtxwya...qopyxuto3pbpfctycee3kpvk2oslsd5desmunq, 02m50s elapsed][0m[0m
[0m[1mmodule.vdms_critical_topic.oci_ons_notification_topic.topic_service: Still destroying... [id=ocid1.onstopic.oc1.iad.amaaaaaantwtxwya...qopyxuto3pbpfctycee3kpvk2oslsd5desmunq, 03m00s elapsed][0m[0m
[0m[1mmodule.vdms_critical_topic.oci_ons_notification_topic.topic_service: Still destroying... [id=ocid1.onstopic.oc1.iad.amaaaaaantwtxwya...qopyxuto3pbpfctycee3kpvk2oslsd5desmunq, 03m10s elapsed][0m[0m
[0m[1mmodule.vdms_critical_topic.oci_ons_notification_topic.topic_service: Still destroying... [id=ocid1.onstopic.oc1.iad.amaaaaaantwtxwya...qopyxuto3pbpfctycee3kpvk2oslsd5desmunq, 03m20s elapsed][0m[0m
[0m[1mmodule.vdms_critical_topic.oci_ons_notification_topic.topic_service: Still destroying... [id=ocid1.onstopic.oc1.iad.amaaaaaantwtxwya...qopyxuto3pbpfctycee3kpvk2oslsd5desmunq, 03m30s elapsed][0m[0m
[0m[1mmodule.vdms_critical_topic.oci_ons_notification_topic.topic_service: Still destroying... [id=ocid1.onstopic.oc1.iad.amaaaaaantwtxwya...qopyxuto3pbpfctycee3kpvk2oslsd5desmunq, 03m40s elapsed][0m[0m
[0m[1mmodule.vdms_critical_topic.oci_ons_notification_topic.topic_service: Still destroying... [id=ocid1.onstopic.oc1.iad.amaaaaaantwtxwya...qopyxuto3pbpfctycee3kpvk2oslsd5desmunq, 03m50s elapsed][0m[0m
[0m[1mmodule.vdms_critical_topic.oci_ons_notification_topic.topic_service: Still destroying... [id=ocid1.onstopic.oc1.iad.amaaaaaantwtxwya...qopyxuto3pbpfctycee3kpvk2oslsd5desmunq, 04m00s elapsed][0m[0m
[0m[1mmodule.vdms_critical_topic.oci_ons_notification_topic.topic_service: Still destroying... [id=ocid1.onstopic.oc1.iad.amaaaaaantwtxwya...qopyxuto3pbpfctycee3kpvk2oslsd5desmunq, 04m10s elapsed][0m[0m
[0m[1mmodule.vdms_critical_topic.oci_ons_notification_topic.topic_service: Still destroying... [id=ocid1.onstopic.oc1.iad.amaaaaaantwtxwya...qopyxuto3pbpfctycee3kpvk2oslsd5desmunq, 04m20s elapsed][0m[0m
[0m[1mmodule.vdms_critical_topic.oci_ons_notification_topic.topic_service: Still destroying... [id=ocid1.onstopic.oc1.iad.amaaaaaantwtxwya...qopyxuto3pbpfctycee3kpvk2oslsd5desmunq, 04m30s elapsed][0m[0m
[0m[1mmodule.vdms_critical_topic.oci_ons_notification_topic.topic_service: Still destroying... [id=ocid1.onstopic.oc1.iad.amaaaaaantwtxwya...qopyxuto3pbpfctycee3kpvk2oslsd5desmunq, 04m40s elapsed][0m[0m
[0m[1mmodule.vdms_critical_topic.oci_ons_notification_topic.topic_service: Still destroying... [id=ocid1.onstopic.oc1.iad.amaaaaaantwtxwya...qopyxuto3pbpfctycee3kpvk2oslsd5desmunq, 04m50s elapsed][0m[0m
[0m[1mmodule.vdms_critical_topic.oci_ons_notification_topic.topic_service: Still destroying... [id=ocid1.onstopic.oc1.iad.amaaaaaantwtxwya...qopyxuto3pbpfctycee3kpvk2oslsd5desmunq, 05m00s elapsed][0m[0m
[0m[1mmodule.vdms_critical_topic.oci_ons_notification_topic.topic_service: Still destroying... [id=ocid1.onstopic.oc1.iad.amaaaaaantwtxwya...qopyxuto3pbpfctycee3kpvk2oslsd5desmunq, 05m10s elapsed][0m[0m
[0m[1mmodule.vdms_critical_topic.oci_ons_notification_topic.topic_service: Destruction complete after 5m12s[0m
[31m╷[0m[0m
[31m│[0m [0m[1m[31mError: [0m[0m[1mDelete "https://loganalytics.us-ashburn-1.oci.oraclecloud.com/20200601/namespaces/idrpmnca8bhc/logAnalyticsLogGroups/ocid1.loganalyticsloggroup.oc1.iad.amaaaaaantwtxwyahvctcppwngal2gq5d2pkebbgd5at6rkvgjwb7pp2i6yq": read tcp 192.168.1.235:52517->147.154.41.211:443: read: connection reset by peer[0m
[31m│[0m [0m
[31m│[0m [0m[0m
[31m╵[0m[0m
